Determining if files stdint.h exist failed with the following output:

Source:
/* */
#include <stdint.h>


int main(){return 0;}

Checking whether the ASM compiler is GNU using "--version" did not match "(GNU assembler)|(GCC)|(Free Software Foundation)":
Apple LLVM version 5.1 (clang-503.0.40) (based on LLVM 3.4svn)
Target: x86_64-apple-darwin13.4.0
Thread model: posix
Checking whether the ASM compiler is HP using "-V" did not match "HP C":
clang: error: argument to '-V' is missing (expected 1 value)
clang: error: no input files
Checking whether the ASM compiler is Intel using "--version" did not match "(ICC)":
Apple LLVM version 5.1 (clang-503.0.40) (based on LLVM 3.4svn)
Target: x86_64-apple-darwin13.4.0
Thread model: posix
Checking whether the ASM compiler is SunPro using "-V" did not match "Sun C":
clang: error: argument to '-V' is missing (expected 1 value)
clang: error: no input files
Checking whether the ASM compiler is XL using "-qversion" did not match "XL C":
clang: error: unknown argument: '-qversion' [-Wunused-command-line-argument-hard-error-in-future]
clang: note: this will be a hard error (cannot be downgraded to a warning) in the future
clang: error: no input files
Checking whether the ASM compiler is MSVC using "/?" did not match "Microsoft":
clang: error: no such file or directory: '/?'
clang: error: no input files
Checking whether the ASM compiler is TI using "-h" did not match "Texas Instruments":
clang: error: unknown argument: '-h' [-Wunused-command-line-argument-hard-error-in-future]
clang: note: this will be a hard error (cannot be downgraded to a warning) in the future
clang: error: no input files
Checking whether the ASM compiler is GNU using "--version" did not match "(GNU assembler)|(GCC)|(Free Software Foundation)":
Apple LLVM version 5.1 (clang-503.0.40) (based on LLVM 3.4svn)
Target: x86_64-apple-darwin13.4.0
Thread model: posix
Checking whether the ASM compiler is IAR using "" did not match "IAR Assembler":
clang: error: no input files
Performing C++ SOURCE FILE Test COMPILER_HAS_HIDDEN_VISIBILITY failed with the following output:

Source file was:
int main() { return 0;}
Performing C++ SOURCE FILE Test COMPILER_HAS_HIDDEN_INLINE_VISIBILITY failed with the following output:

Source file was:
int main() { return 0;}
Performing C++ SOURCE FILE Test COMPILER_HAS_DEPRECATED_ATTR failed with the following output:

Source file was:
__attribute__((__deprecated__)) int somefunc() { return 0; }
    int main() { return somefunc();}
Performing C++ SOURCE FILE Test COMPILER_HAS_DEPRECATED failed with the following output:

Source file was:
__declspec(deprecated) int somefunc() { return 0; }
    int main() { return somefunc();}
Checking whether the ASM compiler is GNU using "--version" did not match "(GNU assembler)|(GCC)|(Free Software Foundation)":
Apple LLVM version 5.1 (clang-503.0.40) (based on LLVM 3.4svn)
Target: x86_64-apple-darwin13.4.0
Thread model: posix
Checking whether the ASM compiler is HP using "-V" did not match "HP C":
clang: error: argument to '-V' is missing (expected 1 value)
clang: error: no input files
Checking whether the ASM compiler is Intel using "--version" did not match "(ICC)":
Apple LLVM version 5.1 (clang-503.0.40) (based on LLVM 3.4svn)
Target: x86_64-apple-darwin13.4.0
Thread model: posix
Checking whether the ASM compiler is SunPro using "-V" did not match "Sun C":
clang: error: argument to '-V' is missing (expected 1 value)
clang: error: no input files
Checking whether the ASM compiler is XL using "-qversion" did not match "XL C":
clang: error: unknown argument: '-qversion' [-Wunused-command-line-argument-hard-error-in-future]
clang: note: this will be a hard error (cannot be downgraded to a warning) in the future
clang: error: no input files
Checking whether the ASM compiler is MSVC using "/?" did not match "Microsoft":
clang: error: no such file or directory: '/?'
clang: error: no input files
Checking whether the ASM compiler is TI using "-h" did not match "Texas Instruments":
clang: error: unknown argument: '-h' [-Wunused-command-line-argument-hard-error-in-future]
clang: note: this will be a hard error (cannot be downgraded to a warning) in the future
clang: error: no input files
Checking whether the ASM compiler is GNU using "--version" did not match "(GNU assembler)|(GCC)|(Free Software Foundation)":
Apple LLVM version 5.1 (clang-503.0.40) (based on LLVM 3.4svn)
Target: x86_64-apple-darwin13.4.0
Thread model: posix
Checking whether the ASM compiler is IAR using "" did not match "IAR Assembler":
clang: error: no input files
